Using pre-set license
Built from '2021.1/staging' branch; Version is '2021.1.9f1 (7a790e367ab3) revision 8026382'; Using compiler version '192528614'; Build Type 'Release'
OS: 'Windows 10 Home; OS build 19044.2486; Version 2009; 64bit' Language: 'en' Physical Memory: 16238 MB
BatchMode: 1, IsHumanControllingUs: 0, StartBugReporterOnCrash: 0, Is64bit: 1, IsPro: 0

 COMMAND LINE ARGUMENTS:
C:\Program Files\Unity\Hub\Editor\2021.1.9f1\Editor\Unity.exe
-adb2
-batchMode
-noUpm
-name
AssetImportWorker0
-projectPath
D:/school/gimm/The-Phantom-Gun/The Phantom Gun Range
-logFile
Logs/AssetImportWorker0.log
-srvPort
58552
Successfully changed project path to: D:/school/gimm/The-Phantom-Gun/The Phantom Gun Range
D:/school/gimm/The-Phantom-Gun/The Phantom Gun Range
Using Asset Import Pipeline V2.
Refreshing native plugins compatible for Editor in 68.38 ms, found 11 plugins.
Preloading 2 native plugins for Editor in 3.71 ms.
Initialize engine version: 2021.1.9f1 (7a790e367ab3)
[Subsystems] Discovering subsystems at path C:/Program Files/Unity/Hub/Editor/2021.1.9f1/Editor/Data/Resources/UnitySubsystems
[Subsystems] Discovering subsystems at path D:/school/gimm/The-Phantom-Gun/The Phantom Gun Range/Assets
GfxDevice: creating device client; threaded=0; jobified=0
Direct3D:
    Version:  Direct3D 11.0 [level 11.1]
    Renderer: NVIDIA GeForce GTX 1050 Ti (ID=0x1c8c)
    Vendor:   NVIDIA
    VRAM:     4021 MB
    Driver:   30.0.15.1179
Initialize mono
Mono path[0] = 'C:/Program Files/Unity/Hub/Editor/2021.1.9f1/Editor/Data/Managed'
Mono path[1] = 'C:/Program Files/Unity/Hub/Editor/2021.1.9f1/Editor/Data/MonoBleedingEdge/lib/mono/unityjit'
Mono config path = 'C:/Program Files/Unity/Hub/Editor/2021.1.9f1/Editor/Data/MonoBleedingEdge/etc'
Using monoOptions --debugger-agent=transport=dt_socket,embedding=1,server=y,suspend=n,address=127.0.0.1:56648
Begin MonoManager ReloadAssembly
Registering precompiled unity dll's ...
Register platform support module: C:/Program Files/Unity/Hub/Editor/2021.1.9f1/Editor/Data/PlaybackEngines/WindowsStandaloneSupport/UnityEditor.WindowsStandalone.Extensions.dll
Registered in 0.002632 seconds.
Native extension for WindowsStandalone target not found
Refreshing native plugins compatible for Editor in 44.84 ms, found 11 plugins.
Preloading 2 native plugins for Editor in 0.09 ms.
Mono: successfully reloaded assembly
- Completed reload, in  1.439 seconds
Domain Reload Profiling:
	ReloadAssembly (1439ms)
		BeginReloadAssembly (59ms)
			ExecutionOrderSort (0ms)
			DisableScriptedObjects (0ms)
			BackupInstance (0ms)
			ReleaseScriptingObjects (0ms)
			CreateAndSetChildDomain (1ms)
		EndReloadAssembly (414ms)
			LoadAssemblies (56ms)
			RebuildTransferFunctionScriptingTraits (0ms)
			SetupTypeCache (166ms)
			ReleaseScriptCaches (0ms)
			RebuildScriptCaches (28ms)
			SetupLoadedEditorAssemblies (174ms)
				LogAssemblyErrors (0ms)
				InitializePlatformSupportModulesInManaged (6ms)
				SetLoadedEditorAssemblies (0ms)
				RefreshPlugins (45ms)
				BeforeProcessingInitializeOnLoad (1ms)
				ProcessInitializeOnLoadAttributes (93ms)
				ProcessInitializeOnLoadMethodAttributes (28ms)
				AfterProcessingInitializeOnLoad (0ms)
				EditorAssembliesLoaded (0ms)
			ExecutionOrderSort2 (0ms)
			AwakeInstancesAfterBackupRestoration (0ms)
Platform modules already initialized, skipping
Registering precompiled user dll's ...
Registered in 0.006955 seconds.
Begin MonoManager ReloadAssembly
Native extension for WindowsStandalone target not found
Refreshing native plugins compatible for Editor in 46.09 ms, found 11 plugins.
Preloading 2 native plugins for Editor in 0.09 ms.
[XR] OculusXRPlugin: registering subsystems
[XR] Unable to register display lifecyle provider: [1]
[XR] Oculus Input lifecycle provider registered.
[XR] Unable to register input lifecyle provider: [1]
System.Reflection.TargetInvocationException: Exception has been thrown by the target of an invocation. ---> System.NullReferenceException: Object reference not set to an instance of an object
  at Unity.XR.Oculus.OculusLoader.AssetPathToAbsolutePath (System.String assetPath) [0x00048] in D:\school\gimm\The-Phantom-Gun\The Phantom Gun Range\Library\PackageCache\com.unity.xr.oculus@1.9.1\Runtime\OculusLoader.cs:249 
  at Unity.XR.Oculus.OculusLoader.EditorLoadOVRPlugin () [0x0007b] in D:\school\gimm\The-Phantom-Gun\The Phantom Gun Range\Library\PackageCache\com.unity.xr.oculus@1.9.1\Runtime\OculusLoader.cs:234 
  at (wrapper managed-to-native) System.Reflection.MonoMethod.InternalInvoke(System.Reflection.MonoMethod,object,object[],System.Exception&)
  at System.Reflection.MonoMethod.Invoke (System.Object obj, System.Reflection.BindingFlags invokeAttr, System.Reflection.Binder binder, System.Object[] parameters, System.Globalization.CultureInfo culture) [0x00032] in <695d1cc93cca45069c528c15c9fdd749>:0 
   --- End of inner exception stack trace ---
  at System.Reflection.MonoMethod.Invoke (System.Object obj, System.Reflection.BindingFlags invokeAttr, System.Reflection.Binder binder, System.Object[] parameters, System.Globalization.CultureInfo culture) [0x00048] in <695d1cc93cca45069c528c15c9fdd749>:0 
  at System.Reflection.MethodBase.Invoke (System.Object obj, System.Object[] parameters) [0x00000] in <695d1cc93cca45069c528c15c9fdd749>:0 
  at UnityEditor.EditorAssemblies.ProcessInitializeOnLoadMethodAttributes () [0x00047] in <4cbd678da9d34d10b88d29af4998c9e0>:0 
UnityEngine.StackTraceUtility:ExtractStackTrace ()
UnityEngine.DebugLogHandler:LogFormat (UnityEngine.LogType,UnityEngine.Object,string,object[])
UnityEngine.Logger:Log (UnityEngine.LogType,object)
UnityEngine.Debug:LogError (object)
UnityEditor.EditorAssemblies:ProcessInitializeOnLoadMethodAttributes ()

Mono: successfully reloaded assembly
- Completed reload, in  1.328 seconds
Domain Reload Profiling:
	ReloadAssembly (1329ms)
		BeginReloadAssembly (153ms)
			ExecutionOrderSort (0ms)
			DisableScriptedObjects (4ms)
			BackupInstance (0ms)
			ReleaseScriptingObjects (0ms)
			CreateAndSetChildDomain (19ms)
		EndReloadAssembly (1113ms)
			LoadAssemblies (90ms)
			RebuildTransferFunctionScriptingTraits (0ms)
			SetupTypeCache (335ms)
			ReleaseScriptCaches (0ms)
			RebuildScriptCaches (50ms)
			SetupLoadedEditorAssemblies (529ms)
				LogAssemblyErrors (0ms)
				InitializePlatformSupportModulesInManaged (5ms)
				SetLoadedEditorAssemblies (0ms)
				RefreshPlugins (46ms)
				BeforeProcessingInitializeOnLoad (66ms)
				ProcessInitializeOnLoadAttributes (384ms)
				ProcessInitializeOnLoadMethodAttributes (19ms)
				AfterProcessingInitializeOnLoad (9ms)
				EditorAssembliesLoaded (0ms)
			ExecutionOrderSort2 (0ms)
			AwakeInstancesAfterBackupRestoration (6ms)
Platform modules already initialized, skipping
========================================================================
Worker process is ready to serve import requests
Launched and connected shader compiler UnityShaderCompiler.exe after 0.07 seconds
Refreshing native plugins compatible for Editor in 0.79 ms, found 11 plugins.
Preloading 2 native plugins for Editor in 0.11 ms.
Unloading 2523 Unused Serialized files (Serialized files now loaded: 0)
System memory in use before: 110.5 MB.
System memory in use after: 110.6 MB.

Unloading 104 unused Assets to reduce memory usage. Loaded Objects now: 2966.
Total: 4.154800 ms (FindLiveObjects: 0.316200 ms CreateObjectMapping: 0.173500 ms MarkObjects: 3.336300 ms  DeleteObjects: 0.327600 ms)

AssetImportParameters requested are different than current active one (requested -> active):
  custom:framework-win-MediaFoundation: 216162199b28c13a410421893ffa2e32 -> 
  custom:video-decoder-ogg-theora: a1e56fd34408186e4bbccfd4996cb3dc -> 
  custom:container-muxer-webm: aa71ff27fc2769a1b78a27578f13a17b -> 
  custom:container-demuxer-webm: 4f35f7cbe854078d1ac9338744f61a02 -> 
  custom:container-demuxer-ogg: 62fdf1f143b41e24485cea50d1cbac27 -> 
  custom:video-encoder-webm-vp8: eb34c28f22e8b96e1ab97ce403110664 -> 
  custom:video-codec-MediaFoundation-h265: 746d11721c4dcdbdad8f713fa42b33f4 -> 
  custom:video-decoder-webm-vp8: 9c59270c3fd7afecdb556c50c9e8de78 -> 
  custom:audio-decoder-ogg-vorbis: bf7c407c2cedff20999df2af8eb42d56 -> 
  custom:audio-encoder-webm-vorbis: bf7c407c2cedff20999df2af8eb42d56 -> 
========================================================================
Received Import Request.
  path: Assets/Prefab/AIProj Variant.prefab
  artifactKey: Guid(c11cdd91ee8de8d499f6b8af0a7be483) Importer(815301076,1909f56bfc062723c751e8b465ee728b)
Start importing Assets/Prefab/AIProj Variant.prefab using Guid(c11cdd91ee8de8d499f6b8af0a7be483) Importer(815301076,1909f56bfc062723c751e8b465ee728b)  -> (artifact id: 'eedc9af8233c49d5af8df0fb51ef8e17') in 0.217371 seconds 
========================================================================
Received Import Request.
  Time since last request: 0.000358 seconds.
  path: Assets/Prefab/VR left hand.prefab
  artifactKey: Guid(024744f30cefd1741a7c7f91ef6a1373) Importer(815301076,1909f56bfc062723c751e8b465ee728b)
Start importing Assets/Prefab/VR left hand.prefab using Guid(024744f30cefd1741a7c7f91ef6a1373) Importer(815301076,1909f56bfc062723c751e8b465ee728b)  -> (artifact id: '4ff58933029dbbc59ca017c19f99fb23') in 0.051166 seconds 
========================================================================
Received Import Request.
  Time since last request: 0.000320 seconds.
  path: Assets/Prefab/GUN.prefab
  artifactKey: Guid(3054a5b601971c0459f602146f37ded9) Importer(815301076,1909f56bfc062723c751e8b465ee728b)
Start importing Assets/Prefab/GUN.prefab using Guid(3054a5b601971c0459f602146f37ded9) Importer(815301076,1909f56bfc062723c751e8b465ee728b)  -> (artifact id: 'f9122ace7a3c35ff3134152062f09388') in 0.248766 seconds 
========================================================================
Received Import Request.
  Time since last request: 0.000411 seconds.
  path: Assets/Prefab/Projectile Variant.prefab
  artifactKey: Guid(8cf399e85cdd1114388eed9359c1e714) Importer(815301076,1909f56bfc062723c751e8b465ee728b)
Start importing Assets/Prefab/Projectile Variant.prefab using Guid(8cf399e85cdd1114388eed9359c1e714) Importer(815301076,1909f56bfc062723c751e8b465ee728b)  -> (artifact id: '3930ef7e7d68693df8b3f7cc6a00286f') in 0.042511 seconds 
========================================================================
Received Import Request.
  Time since last request: 0.000386 seconds.
  path: Assets/Prefab/VR right hand.prefab
  artifactKey: Guid(858634c1ec7699d4a9e0b69f8bb951ff) Importer(815301076,1909f56bfc062723c751e8b465ee728b)
Start importing Assets/Prefab/VR right hand.prefab using Guid(858634c1ec7699d4a9e0b69f8bb951ff) Importer(815301076,1909f56bfc062723c751e8b465ee728b)  -> (artifact id: 'b5d6d32b6dfcca2b136bb7d9510bba4f') in 0.051615 seconds 
========================================================================
Received Import Request.
  Time since last request: 0.000312 seconds.
  path: Assets/Materials/magentafloor 1.mat
  artifactKey: Guid(8371c0ffe6f90a14199418d44e8ea2ad) Importer(815301076,1909f56bfc062723c751e8b465ee728b)
Start importing Assets/Materials/magentafloor 1.mat using Guid(8371c0ffe6f90a14199418d44e8ea2ad) Importer(815301076,1909f56bfc062723c751e8b465ee728b)  -> (artifact id: '15e3f98351cf704fb55ee1d530a44422') in 0.191898 seconds 
========================================================================
Received Import Request.
  Time since last request: 0.000365 seconds.
  path: Assets/Prefab/Target.prefab
  artifactKey: Guid(a5340757c7a4cab46a40133fb8a0a517) Importer(815301076,1909f56bfc062723c751e8b465ee728b)
Start importing Assets/Prefab/Target.prefab using Guid(a5340757c7a4cab46a40133fb8a0a517) Importer(815301076,1909f56bfc062723c751e8b465ee728b)  -> (artifact id: '931c3b4b53b360e0b8cb84af0af109be') in 0.025248 seconds 
========================================================================
Received Import Request.
  Time since last request: 0.000355 seconds.
  path: Assets/Materials/magentafloorGLOW.mat
  artifactKey: Guid(f6a2ca9ed01a4b6438d75f3bf3963bd2) Importer(815301076,1909f56bfc062723c751e8b465ee728b)
Start importing Assets/Materials/magentafloorGLOW.mat using Guid(f6a2ca9ed01a4b6438d75f3bf3963bd2) Importer(815301076,1909f56bfc062723c751e8b465ee728b)  -> (artifact id: '5e0082ee89800f3df7f7cbac0a4aa46e') in 0.140220 seconds 
========================================================================
Received Import Request.
  Time since last request: 0.000316 seconds.
  path: Assets/Prefab/VR Rig.prefab
  artifactKey: Guid(3e3d360084626a340a9c0e3dc771eda9) Importer(815301076,1909f56bfc062723c751e8b465ee728b)
Start importing Assets/Prefab/VR Rig.prefab using Guid(3e3d360084626a340a9c0e3dc771eda9) Importer(815301076,1909f56bfc062723c751e8b465ee728b)  -> (artifact id: '34a57a30a083168ab1659cce1ee5461f') in 0.061369 seconds 
========================================================================
Received Import Request.
  Time since last request: 0.000285 seconds.
  path: Assets/Materials
  artifactKey: Guid(5acd828b5236de1458fcdc3e436f8b8a) Importer(815301076,1909f56bfc062723c751e8b465ee728b)
Start importing Assets/Materials using Guid(5acd828b5236de1458fcdc3e436f8b8a) Importer(815301076,1909f56bfc062723c751e8b465ee728b)  -> (artifact id: '4076966b89412309d02319ad53c75eab') in 0.006414 seconds 
========================================================================
Received Import Request.
  Time since last request: 0.000462 seconds.
  path: Assets/Prefab/Projectile.prefab
  artifactKey: Guid(47e8c7b5a5ebe7a40a8ee94009c2e99f) Importer(815301076,1909f56bfc062723c751e8b465ee728b)
Start importing Assets/Prefab/Projectile.prefab using Guid(47e8c7b5a5ebe7a40a8ee94009c2e99f) Importer(815301076,1909f56bfc062723c751e8b465ee728b)  -> (artifact id: 'b9f511fcceb3d44cba5c689578ec00b9') in 0.030861 seconds 
========================================================================
Received Import Request.
  Time since last request: 0.000408 seconds.
  path: Assets/Prefab
  artifactKey: Guid(a6fa8868fdf4c424ba7237615a4e233a) Importer(815301076,1909f56bfc062723c751e8b465ee728b)
Start importing Assets/Prefab using Guid(a6fa8868fdf4c424ba7237615a4e233a) Importer(815301076,1909f56bfc062723c751e8b465ee728b)  -> (artifact id: '426086dad39a861fbd6e8fea99452f91') in 0.008784 seconds 
========================================================================
Received Import Request.
  Time since last request: 2.549083 seconds.
  path: Assets/scripts
  artifactKey: Guid(47dd5385da3454a4cb02e7bcd7d72079) Importer(815301076,1909f56bfc062723c751e8b465ee728b)
Start importing Assets/scripts using Guid(47dd5385da3454a4cb02e7bcd7d72079) Importer(815301076,1909f56bfc062723c751e8b465ee728b)  -> (artifact id: 'ff4dbe766f27017521b2eb15f7a2f638') in 0.008087 seconds 
========================================================================
Received Import Request.
  Time since last request: 2.844031 seconds.
  path: Assets/textures
  artifactKey: Guid(8c53b25c56c7fa04785403c19f4b2924) Importer(815301076,1909f56bfc062723c751e8b465ee728b)
Start importing Assets/textures using Guid(8c53b25c56c7fa04785403c19f4b2924) Importer(815301076,1909f56bfc062723c751e8b465ee728b)  -> (artifact id: '7f3875a706168786ea265f61d2a294ad') in 0.010418 seconds 
========================================================================
Received Import Request.
  Time since last request: 0.057524 seconds.
  path: Assets/textures/bluefloor.mat
  artifactKey: Guid(82f7a0b55c9183a488601bd8ba6fc207) Importer(815301076,1909f56bfc062723c751e8b465ee728b)
Start importing Assets/textures/bluefloor.mat using Guid(82f7a0b55c9183a488601bd8ba6fc207) Importer(815301076,1909f56bfc062723c751e8b465ee728b)  -> (artifact id: '62a497af925b82a01daf76d841cb8edd') in 0.081410 seconds 
========================================================================
Received Import Request.
  Time since last request: 0.000295 seconds.
  path: Assets/textures/magenta.mat
  artifactKey: Guid(24ef1b58a7ea02f4695b2a383bb9736c) Importer(815301076,1909f56bfc062723c751e8b465ee728b)
Start importing Assets/textures/magenta.mat using Guid(24ef1b58a7ea02f4695b2a383bb9736c) Importer(815301076,1909f56bfc062723c751e8b465ee728b)  -> (artifact id: '74e6b7d6643b9757ad94d73eb06b8423') in 0.033278 seconds 
========================================================================
Received Import Request.
  Time since last request: 0.000272 seconds.
  path: Assets/textures/magentafloor 1.png
  artifactKey: Guid(36fe3a7bbc0c5b3448d9e17a25a234f8) Importer(815301076,1909f56bfc062723c751e8b465ee728b)
Start importing Assets/textures/magentafloor 1.png using Guid(36fe3a7bbc0c5b3448d9e17a25a234f8) Importer(815301076,1909f56bfc062723c751e8b465ee728b)  -> (artifact id: 'f02ea0be183130f82ebc25bc207075b9') in 0.063623 seconds 
========================================================================
Received Import Request.
  Time since last request: 0.000280 seconds.
  path: Assets/textures/Cyan.mat
  artifactKey: Guid(f97e583f05886c6429626265de7e0275) Importer(815301076,1909f56bfc062723c751e8b465ee728b)
Start importing Assets/textures/Cyan.mat using Guid(f97e583f05886c6429626265de7e0275) Importer(815301076,1909f56bfc062723c751e8b465ee728b)  -> (artifact id: '3b6b529b5b473f9b78935a7c3f4386d6') in 0.026743 seconds 
========================================================================
Received Import Request.
  Time since last request: 0.000403 seconds.
  path: Assets/textures/finaltexture-trigger_Skogsberg.png
  artifactKey: Guid(b5381c8b1726d5e40991117263623262) Importer(815301076,1909f56bfc062723c751e8b465ee728b)
Start importing Assets/textures/finaltexture-trigger_Skogsberg.png using Guid(b5381c8b1726d5e40991117263623262) Importer(815301076,1909f56bfc062723c751e8b465ee728b)  -> (artifact id: '88d05855db6ca793e183cc99766a5a51') in 0.016975 seconds 
========================================================================
Received Import Request.
  Time since last request: 0.000479 seconds.
  path: Assets/textures/gundrum.mat
  artifactKey: Guid(0f41345c5fdff2e4cb0d77146f6faeb6) Importer(815301076,1909f56bfc062723c751e8b465ee728b)
Start importing Assets/textures/gundrum.mat using Guid(0f41345c5fdff2e4cb0d77146f6faeb6) Importer(815301076,1909f56bfc062723c751e8b465ee728b)  -> (artifact id: '93c7257044d872f63d90c486f44428d8') in 0.312759 seconds 
========================================================================
Received Import Request.
  Time since last request: 0.000340 seconds.
  path: Assets/textures/target arms.mat
  artifactKey: Guid(3d71b86bacf78c64baa45e4bb69eacc7) Importer(815301076,1909f56bfc062723c751e8b465ee728b)
Start importing Assets/textures/target arms.mat using Guid(3d71b86bacf78c64baa45e4bb69eacc7) Importer(815301076,1909f56bfc062723c751e8b465ee728b)  -> (artifact id: 'a3332764ae60cd546be85ba3da583f7b') in 0.016482 seconds 
========================================================================
Received Import Request.
  Time since last request: 0.000408 seconds.
  path: Assets/textures/finaltexture-hammer_Skogsberg.png
  artifactKey: Guid(71bec0f9b4b2715408ac1176ee260037) Importer(815301076,1909f56bfc062723c751e8b465ee728b)
Start importing Assets/textures/finaltexture-hammer_Skogsberg.png using Guid(71bec0f9b4b2715408ac1176ee260037) Importer(815301076,1909f56bfc062723c751e8b465ee728b)  -> (artifact id: 'cf06e632d94b3fa9a5b8df949f5834ed') in 0.032491 seconds 
========================================================================
Received Import Request.
  Time since last request: 0.000526 seconds.
  path: Assets/textures/Gunbounce.physicMaterial
  artifactKey: Guid(a6c4251c48ed0254898fff1eb674f8cc) Importer(815301076,1909f56bfc062723c751e8b465ee728b)
Start importing Assets/textures/Gunbounce.physicMaterial using Guid(a6c4251c48ed0254898fff1eb674f8cc) Importer(815301076,1909f56bfc062723c751e8b465ee728b)  -> (artifact id: 'e89e2aae2ca6756b5bff540d1959126d') in 0.015497 seconds 
========================================================================
Received Import Request.
  Time since last request: 0.000310 seconds.
  path: Assets/textures/gunbase.mat
  artifactKey: Guid(ba9c3d79539e38544b564375bb96daa6) Importer(815301076,1909f56bfc062723c751e8b465ee728b)
Start importing Assets/textures/gunbase.mat using Guid(ba9c3d79539e38544b564375bb96daa6) Importer(815301076,1909f56bfc062723c751e8b465ee728b)  -> (artifact id: '85820c01b6a958362e0b34074e519594') in 0.040316 seconds 
========================================================================
Received Import Request.
  Time since last request: 0.000364 seconds.
  path: Assets/textures/Finaltexture-Base_Skogsberg.jpg
  artifactKey: Guid(4e63c2bd5d9a5a246ab57648bf32ee79) Importer(815301076,1909f56bfc062723c751e8b465ee728b)
Start importing Assets/textures/Finaltexture-Base_Skogsberg.jpg using Guid(4e63c2bd5d9a5a246ab57648bf32ee79) Importer(815301076,1909f56bfc062723c751e8b465ee728b)  -> (artifact id: '720e43b312091da6394d298754077f86') in 0.023498 seconds 
========================================================================
Received Import Request.
  Time since last request: 0.000388 seconds.
  path: Assets/textures/Bullet.mat
  artifactKey: Guid(279f6dfcfa9c0374b9b4374b53c60ac6) Importer(815301076,1909f56bfc062723c751e8b465ee728b)
Start importing Assets/textures/Bullet.mat using Guid(279f6dfcfa9c0374b9b4374b53c60ac6) Importer(815301076,1909f56bfc062723c751e8b465ee728b)  -> (artifact id: '9bf9fea4ad12e0d26e41860dabd81fe1') in 0.034101 seconds 
========================================================================
Received Import Request.
  Time since last request: 0.000328 seconds.
  path: Assets/textures/target.png
  artifactKey: Guid(b0f8155049ffa594bb040b038c0a1aee) Importer(815301076,1909f56bfc062723c751e8b465ee728b)
Start importing Assets/textures/target.png using Guid(b0f8155049ffa594bb040b038c0a1aee) Importer(815301076,1909f56bfc062723c751e8b465ee728b)  -> (artifact id: '787c4ca62104b2c90e8c50300042bb42') in 0.016830 seconds 
========================================================================
Received Import Request.
  Time since last request: 0.000383 seconds.
  path: Assets/textures/magfloor.mat
  artifactKey: Guid(2c6d136ab6b71784c8469e85f9244c61) Importer(815301076,1909f56bfc062723c751e8b465ee728b)
Start importing Assets/textures/magfloor.mat using Guid(2c6d136ab6b71784c8469e85f9244c61) Importer(815301076,1909f56bfc062723c751e8b465ee728b)  -> (artifact id: '827fff21a23b9b1ae4941c6a3bf71ea5') in 0.035258 seconds 
========================================================================
Received Import Request.
  Time since last request: 0.000532 seconds.
  path: Assets/textures/finaltexture-slide_Skogsberg.jpg
  artifactKey: Guid(b3c13ec7a42fa594098c46d650b97a00) Importer(815301076,1909f56bfc062723c751e8b465ee728b)
Start importing Assets/textures/finaltexture-slide_Skogsberg.jpg using Guid(b3c13ec7a42fa594098c46d650b97a00) Importer(815301076,1909f56bfc062723c751e8b465ee728b)  -> (artifact id: '961c766e846f42436fa3d146be107c5f') in 0.016498 seconds 
========================================================================
Received Import Request.
  Time since last request: 0.000443 seconds.
  path: Assets/textures/bluefloor.png
  artifactKey: Guid(ef5195b914fa96b47945f775e46f83e6) Importer(815301076,1909f56bfc062723c751e8b465ee728b)
Start importing Assets/textures/bluefloor.png using Guid(ef5195b914fa96b47945f775e46f83e6) Importer(815301076,1909f56bfc062723c751e8b465ee728b)  -> (artifact id: '9df65def3c97f924fb41ae1eb72bfe17') in 0.101431 seconds 
========================================================================
Received Import Request.
  Time since last request: 0.000399 seconds.
  path: Assets/textures/texturebasebump.jpg
  artifactKey: Guid(51c2c4d3d11a4f5498ce8b14d232644b) Importer(815301076,1909f56bfc062723c751e8b465ee728b)
Start importing Assets/textures/texturebasebump.jpg using Guid(51c2c4d3d11a4f5498ce8b14d232644b) Importer(815301076,1909f56bfc062723c751e8b465ee728b)  -> (artifact id: 'ec69f1c00bd92723341c62f9188b498a') in 0.048865 seconds 
========================================================================
Received Import Request.
  Time since last request: 0.000380 seconds.
  path: Assets/textures/target.mat
  artifactKey: Guid(dc43d85d4dac6aa44a37f195b6a4332c) Importer(815301076,1909f56bfc062723c751e8b465ee728b)
Start importing Assets/textures/target.mat using Guid(dc43d85d4dac6aa44a37f195b6a4332c) Importer(815301076,1909f56bfc062723c751e8b465ee728b)  -> (artifact id: '1539d9ef641281a1557d1547057f171a') in 0.021783 seconds 
========================================================================
Received Import Request.
  Time since last request: 0.000745 seconds.
  path: Assets/textures/bluefloorGLOW.png
  artifactKey: Guid(9cd09ab16cf8f1548be86c8c0c7ef748) Importer(815301076,1909f56bfc062723c751e8b465ee728b)
Start importing Assets/textures/bluefloorGLOW.png using Guid(9cd09ab16cf8f1548be86c8c0c7ef748) Importer(815301076,1909f56bfc062723c751e8b465ee728b)  -> (artifact id: '4cb66b29b22dbe9c2a3f88466055851e') in 0.019215 seconds 
========================================================================
Received Import Request.
  Time since last request: 0.000517 seconds.
  path: Assets/textures/Silver Bullett.mat
  artifactKey: Guid(f51e5a192c306074fb36ea6508c37b25) Importer(815301076,1909f56bfc062723c751e8b465ee728b)
Start importing Assets/textures/Silver Bullett.mat using Guid(f51e5a192c306074fb36ea6508c37b25) Importer(815301076,1909f56bfc062723c751e8b465ee728b)  -> (artifact id: '0ff2fe8f41acbe47fa8e4e78771d963a') in 0.015837 seconds 
========================================================================
Received Import Request.
  Time since last request: 0.000422 seconds.
  path: Assets/textures/magentafloorGLOW.png
  artifactKey: Guid(cab59caf8af6109479c909130152e49a) Importer(815301076,1909f56bfc062723c751e8b465ee728b)
Start importing Assets/textures/magentafloorGLOW.png using Guid(cab59caf8af6109479c909130152e49a) Importer(815301076,1909f56bfc062723c751e8b465ee728b)  -> (artifact id: 'bde1e9da26c4a6e7d6d92b7829abc56f') in 0.015848 seconds 
========================================================================
Received Import Request.
  Time since last request: 0.000525 seconds.
  path: Assets/textures/gunmenubouce.physicMaterial
  artifactKey: Guid(8686b7ccb32af284b95bd0994b77f1e9) Importer(815301076,1909f56bfc062723c751e8b465ee728b)
Start importing Assets/textures/gunmenubouce.physicMaterial using Guid(8686b7ccb32af284b95bd0994b77f1e9) Importer(815301076,1909f56bfc062723c751e8b465ee728b)  -> (artifact id: '3b649c1b682b8152b434394150d6e58f') in 0.016798 seconds 
========================================================================
Received Import Request.
  Time since last request: 0.000369 seconds.
  path: Assets/textures/Finaltexture-Drum_Skogsberg.jpg
  artifactKey: Guid(c0fccd7cbf909694ba82fadcbc41a3a0) Importer(815301076,1909f56bfc062723c751e8b465ee728b)
Start importing Assets/textures/Finaltexture-Drum_Skogsberg.jpg using Guid(c0fccd7cbf909694ba82fadcbc41a3a0) Importer(815301076,1909f56bfc062723c751e8b465ee728b)  -> (artifact id: '77ba688576f8656aca3ec4238143baac') in 0.019001 seconds 
AssetImportWorkerClient::OnTransportError - code=2 error=End of file
